<?xml version="1.0" encoding="UTF-8"?>
<!-- Generated by org.testng.reporters.JUnitXMLReporter -->
<testsuite hostname="LAPTOP-CNMUPG7I" name="Test" tests="10" failures="0" timestamp="27 May 2019 23:53:58 GMT" time="0.071" errors="0">
  <testcase name="@BeforeTest setup" time="0.0" classname="exemple.Guru99CrossBrowserScript">
    <failure type="org.testng.TestNGException" message="
Parameter &amp;apos;browser&amp;apos; is required by @Configuration on method setup but has not been marked @Optional or defined
in C:\Users\daoud\workspace\WebdriverTest\testng.xml">
      <![CDATA[org.testng.TestNGException: 
Parameter 'browser' is required by @Configuration on method setup but has not been marked @Optional or defined
in C:\Users\daoud\workspace\WebdriverTest\testng.xml
... Removed 19 stack frames]]>
    </failure>
  </testcase> <!-- @BeforeTest setup -->
  <testcase name="@BeforeTest beforeTest" time="0.0" classname="exemple.Guru99CrossBrowserScript">
    <skipped/>
  </testcase> <!-- @BeforeTest beforeTest -->
  <testcase name="@BeforeTest beforeTest" time="0.0" classname="exemple.Guru99CrossBrowserScript">
    <skipped/>
  </testcase> <!-- @BeforeTest beforeTest -->
  <testcase name="@BeforeTest invokeBrowser" time="0.0" classname="exemple.Guru99CrossBrowserScript">
    <skipped/>
  </testcase> <!-- @BeforeTest invokeBrowser -->
  <testcase name="@BeforeTest invokeBrowser" time="0.0" classname="exemple.Guru99CrossBrowserScript">
    <skipped/>
  </testcase> <!-- @BeforeTest invokeBrowser -->
  <testcase name="@BeforeTest invokeBrowser" time="0.0" classname="exemple.Guru99CrossBrowserScript">
    <skipped/>
  </testcase> <!-- @BeforeTest invokeBrowser -->
  <testcase name="@AfterTest afterTest" time="0.0" classname="exemple.TestAction">
    <skipped/>
  </testcase> <!-- @AfterTest afterTest -->
  <testcase name="@AfterTest afterTest" time="0.0" classname="exemple.TestAction">
    <skipped/>
  </testcase> <!-- @AfterTest afterTest -->
  <testcase name="@AfterTest closeBrowser" time="0.0" classname="exemple.TestAction">
    <skipped/>
  </testcase> <!-- @AfterTest closeBrowser -->
  <testcase name="@AfterTest closeBrowser" time="0.0" classname="exemple.TestAction">
    <skipped/>
  </testcase> <!-- @AfterTest closeBrowser -->
  <testcase name="@AfterTest closeBrowser" time="0.0" classname="exemple.TestAction">
    <skipped/>
  </testcase> <!-- @AfterTest closeBrowser -->
  <testcase name="testParameterWithXML" time="0.009" classname="exemple.Guru99CrossBrowserScript">
    <skipped/>
  </testcase> <!-- testParameterWithXML -->
  <testcase name="testSouris" time="0.001" classname="exemple.TestSouris">
    <skipped/>
  </testcase> <!-- testSouris -->
  <testcase name="actionAlert" time="0.0" classname="exemple.TestAction">
    <skipped/>
  </testcase> <!-- actionAlert -->
  <testcase name="connexion" time="0.001" classname="exemple.testFacebook">
    <skipped/>
  </testcase> <!-- connexion -->
  <testcase name="deconneexion" time="0.001" classname="exemple.testFacebook">
    <skipped/>
  </testcase> <!-- deconneexion -->
  <testcase name="linkCD" time="0.001" classname="exemple.testAmazon">
    <skipped/>
  </testcase> <!-- linkCD -->
  <testcase name="SearchProduit" time="0.0" classname="exemple.testAmazon">
    <skipped/>
  </testcase> <!-- SearchProduit -->
  <testcase name="SelectProduit" time="0.0" classname="exemple.testAmazon">
    <skipped/>
  </testcase> <!-- SelectProduit -->
  <testcase name="AddCard" time="0.001" classname="exemple.testAmazon">
    <skipped/>
  </testcase> <!-- AddCard -->
  <testcase name="testHandle" time="0.0" classname="exemple.TestHandle">
    <skipped/>
  </testcase> <!-- testHandle -->
</testsuite> <!-- Test -->
