<?xml version="1.0" encoding="UTF-8"?>
<!-- Generated by org.testng.reporters.JUnitXMLReporter -->
<testsuite hostname="LAPTOP-CNMUPG7I" name="Command line test" tests="3" failures="0" timestamp="3 Jun 2019 18:02:25 GMT" time="37.534" errors="0">
  <testcase name="actionAlert" time="0.326" classname="exemple.TestAction"/>
  <testcase name="testHandle" time="2.49" classname="exemple.TestHandle"/>
  <testcase name="testSouris" time="0.227" classname="exemple.TestSouris"/>
</testsuite> <!-- Command line test -->
